<?xml version="1.0" encoding="UTF-8"?>
<!-- Generated by org.testng.reporters.JUnitReportReporter -->
<testsuite skipped="0" hostname="LAPTOP-CC2LEVQH" name="com.Optical.TestNg.Testng" tests="1" failures="0" timestamp="05 Sep 2018 08:19:29 GMT" time="0.004" errors="0">
  <testcase name="f" time="0.004" classname="com.Optical.TestNg.Testng"/>
</testsuite> <!-- com.Optical.TestNg.Testng -->
