<?xml version="1.0" encoding="UTF-8"?>
<!-- Generated by org.testng.reporters.JUnitReportReporter -->
<testsuite skipped="0" hostname="LAPTOP-CC2LEVQH" name="com.Optile.TestNg.Testng" tests="1" failures="0" timestamp="05 Sep 2018 12:31:05 GMT" time="0.011" errors="0">
  <testcase name="f" time="0.011" classname="com.Optile.TestNg.Testng"/>
</testsuite> <!-- com.Optile.TestNg.Testng -->
